<?xml version="1.0" encoding="UTF-8"?>
<coverage generated="1768999523696" clover="3.2.0">
  <project timestamp="1768999523696" name="All files">
    <metrics statements="210" coveredstatements="182" conditionals="146" coveredconditionals="107" methods="51" coveredmethods="46" elements="407" coveredelements="335" complexity="0" loc="210" ncloc="210" packages="7" files="23" classes="23"/>
    <package name="components">
      <metrics statements="90" coveredstatements="80" conditionals="70" coveredconditionals="57" methods="21" coveredmethods="21"/>
      <file name="AdminHeader.tsx" path="/Users/ankitraj/Projects/Matiks/frontend/src/components/AdminHeader.tsx">
        <metrics statements="3" coveredstatements="3" conditionals="2" coveredconditionals="2" methods="1" coveredmethods="1"/>
        <line num="10" count="1" type="stmt"/>
        <line num="14" count="2" type="stmt"/>
        <line num="22" count="1" type="stmt"/>
      </file>
      <file name="BulkUpdateCard.tsx" path="/Users/ankitraj/Projects/Matiks/frontend/src/components/BulkUpdateCard.tsx">
        <metrics statements="11" coveredstatements="10" conditionals="4" coveredconditionals="2" methods="2" coveredmethods="2"/>
        <line num="14" count="1" type="stmt"/>
        <line num="15" count="3" type="stmt"/>
        <line num="17" count="3" type="stmt"/>
        <line num="18" count="1" type="stmt"/>
        <line num="19" count="1" type="stmt"/>
        <line num="20" count="1" type="stmt"/>
        <line num="21" count="1" type="stmt"/>
        <line num="26" count="0" type="stmt"/>
        <line num="28" count="1" type="stmt"/>
        <line num="32" count="3" type="stmt"/>
        <line num="59" count="1" type="stmt"/>
      </file>
      <file name="LeaderboardHeader.tsx" path="/Users/ankitraj/Projects/Matiks/frontend/src/components/LeaderboardHeader.tsx">
        <metrics statements="3" coveredstatements="3" conditionals="0" coveredconditionals="0" methods="1" coveredmethods="1"/>
        <line num="6" count="2" type="stmt"/>
        <line num="7" count="3" type="stmt"/>
        <line num="14" count="2" type="stmt"/>
      </file>
      <file name="LeaderboardPodium.tsx" path="/Users/ankitraj/Projects/Matiks/frontend/src/components/LeaderboardPodium.tsx">
        <metrics statements="11" coveredstatements="11" conditionals="28" coveredconditionals="28" methods="5" coveredmethods="5"/>
        <line num="10" count="2" type="stmt"/>
        <line num="12" count="4" type="stmt"/>
        <line num="13" count="7" type="stmt"/>
        <line num="14" count="4" type="stmt"/>
        <line num="15" count="10" type="stmt"/>
        <line num="18" count="4" type="stmt"/>
        <line num="22" count="12" type="stmt"/>
        <line num="23" count="12" type="stmt"/>
        <line num="24" count="12" type="stmt"/>
        <line num="26" count="12" type="stmt"/>
        <line num="75" count="2" type="stmt"/>
      </file>
      <file name="RankBadge.tsx" path="/Users/ankitraj/Projects/Matiks/frontend/src/components/RankBadge.tsx">
        <metrics statements="14" coveredstatements="11" conditionals="7" coveredconditionals="4" methods="2" coveredmethods="2"/>
        <line num="12" count="3" type="stmt"/>
        <line num="21" count="3" type="cond" truecount="1" falsecount="0"/>
        <line num="22" count="6" type="stmt"/>
        <line num="24" count="6" type="stmt"/>
        <line num="25" count="4" type="cond" truecount="1" falsecount="3"/>
        <line num="26" count="4" type="stmt"/>
        <line num="27" count="0" type="stmt"/>
        <line num="28" count="0" type="stmt"/>
        <line num="29" count="0" type="stmt"/>
        <line num="33" count="6" type="stmt"/>
        <line num="35" count="6" type="cond" truecount="2" falsecount="0"/>
        <line num="36" count="4" type="stmt"/>
        <line num="57" count="2" type="stmt"/>
        <line num="79" count="3" type="stmt"/>
      </file>
      <file name="SearchBar.tsx" path="/Users/ankitraj/Projects/Matiks/frontend/src/components/SearchBar.tsx">
        <metrics statements="3" coveredstatements="3" conditionals="6" coveredconditionals="6" methods="1" coveredmethods="1"/>
        <line num="18" count="2" type="stmt"/>
        <line num="25" count="18" type="stmt"/>
        <line num="54" count="2" type="stmt"/>
      </file>
      <file name="SearchEmptyState.tsx" path="/Users/ankitraj/Projects/Matiks/frontend/src/components/SearchEmptyState.tsx">
        <metrics statements="3" coveredstatements="3" conditionals="3" coveredconditionals="3" methods="1" coveredmethods="1"/>
        <line num="10" count="2" type="stmt"/>
        <line num="15" count="10" type="stmt"/>
        <line num="24" count="2" type="stmt"/>
      </file>
      <file name="SearchError.tsx" path="/Users/ankitraj/Projects/Matiks/frontend/src/components/SearchError.tsx">
        <metrics statements="3" coveredstatements="3" conditionals="0" coveredconditionals="0" methods="1" coveredmethods="1"/>
        <line num="8" count="2" type="stmt"/>
        <line num="9" count="3" type="stmt"/>
        <line num="16" count="2" type="stmt"/>
      </file>
      <file name="SearchHeader.tsx" path="/Users/ankitraj/Projects/Matiks/frontend/src/components/SearchHeader.tsx">
        <metrics statements="3" coveredstatements="3" conditionals="2" coveredconditionals="2" methods="1" coveredmethods="1"/>
        <line num="9" count="2" type="stmt"/>
        <line num="13" count="16" type="stmt"/>
        <line num="21" count="2" type="stmt"/>
      </file>
      <file name="SearchLoading.tsx" path="/Users/ankitraj/Projects/Matiks/frontend/src/components/SearchLoading.tsx">
        <metrics statements="3" coveredstatements="3" conditionals="1" coveredconditionals="1" methods="1" coveredmethods="1"/>
        <line num="8" count="2" type="stmt"/>
        <line num="11" count="5" type="stmt"/>
        <line num="19" count="2" type="stmt"/>
      </file>
      <file name="SearchResult.tsx" path="/Users/ankitraj/Projects/Matiks/frontend/src/components/SearchResult.tsx">
        <metrics statements="8" coveredstatements="5" conditionals="6" coveredconditionals="1" methods="2" coveredmethods="2"/>
        <line num="11" count="2" type="stmt"/>
        <line num="12" count="3" type="stmt"/>
        <line num="13" count="3" type="cond" truecount="1" falsecount="1"/>
        <line num="14" count="0" type="cond" truecount="0" falsecount="2"/>
        <line num="15" count="0" type="cond" truecount="0" falsecount="2"/>
        <line num="16" count="0" type="stmt"/>
        <line num="19" count="3" type="stmt"/>
        <line num="57" count="2" type="stmt"/>
      </file>
      <file name="SingleUpdateCard.tsx" path="/Users/ankitraj/Projects/Matiks/frontend/src/components/SingleUpdateCard.tsx">
        <metrics statements="22" coveredstatements="19" conditionals="11" coveredconditionals="8" methods="2" coveredmethods="2"/>
        <line num="14" count="1" type="stmt"/>
        <line num="15" count="6" type="stmt"/>
        <line num="16" count="6" type="stmt"/>
        <line num="17" count="6" type="stmt"/>
        <line num="19" count="6" type="stmt"/>
        <line num="20" count="2" type="cond" truecount="2" falsecount="0"/>
        <line num="21" count="1" type="stmt"/>
        <line num="22" count="1" type="stmt"/>
        <line num="25" count="1" type="stmt"/>
        <line num="26" count="1" type="cond" truecount="4" falsecount="1"/>
        <line num="27" count="0" type="stmt"/>
        <line num="28" count="0" type="stmt"/>
        <line num="31" count="1" type="stmt"/>
        <line num="32" count="1" type="stmt"/>
        <line num="33" count="1" type="stmt"/>
        <line num="34" count="1" type="stmt"/>
        <line num="38" count="1" type="stmt"/>
        <line num="39" count="1" type="stmt"/>
        <line num="41" count="0" type="stmt"/>
        <line num="43" count="1" type="stmt"/>
        <line num="47" count="6" type="stmt"/>
        <line num="93" count="1" type="stmt"/>
      </file>
      <file name="UserCard.tsx" path="/Users/ankitraj/Projects/Matiks/frontend/src/components/UserCard.tsx">
        <metrics statements="3" coveredstatements="3" conditionals="0" coveredconditionals="0" methods="1" coveredmethods="1"/>
        <line num="10" count="1" type="stmt"/>
        <line num="11" count="1" type="stmt"/>
        <line num="25" count="1" type="stmt"/>
      </file>
    </package>
    <package name="navigation">
      <metrics statements="9" coveredstatements="9" conditionals="10" coveredconditionals="8" methods="5" coveredmethods="5"/>
      <file name="AppNavigator.tsx" path="/Users/ankitraj/Projects/Matiks/frontend/src/navigation/AppNavigator.tsx">
        <metrics statements="2" coveredstatements="2" conditionals="0" coveredconditionals="0" methods="1" coveredmethods="1"/>
        <line num="4" count="1" type="stmt"/>
        <line num="5" count="1" type="stmt"/>
      </file>
      <file name="BottomTabNavigator.tsx" path="/Users/ankitraj/Projects/Matiks/frontend/src/navigation/BottomTabNavigator.tsx">
        <metrics statements="7" coveredstatements="7" conditionals="10" coveredconditionals="8" methods="4" coveredmethods="4"/>
        <line num="16" count="1" type="stmt"/>
        <line num="18" count="1" type="stmt"/>
        <line num="19" count="2" type="stmt"/>
        <line num="21" count="2" type="stmt"/>
        <line num="48" count="4" type="cond" truecount="2" falsecount="0"/>
        <line num="57" count="4" type="cond" truecount="2" falsecount="0"/>
        <line num="66" count="4" type="cond" truecount="2" falsecount="0"/>
      </file>
    </package>
    <package name="screens.Admin">
      <metrics statements="3" coveredstatements="3" conditionals="2" coveredconditionals="1" methods="1" coveredmethods="1"/>
      <file name="Admin.tsx" path="/Users/ankitraj/Projects/Matiks/frontend/src/screens/Admin/Admin.tsx">
        <metrics statements="2" coveredstatements="2" conditionals="2" coveredconditionals="1" methods="1" coveredmethods="1"/>
        <line num="15" count="1" type="stmt"/>
        <line num="16" count="1" type="stmt"/>
      </file>
      <file name="styles.ts" path="/Users/ankitraj/Projects/Matiks/frontend/src/screens/Admin/styles.ts">
        <metrics statements="1" coveredstatements="1" conditionals="0" coveredconditionals="0" methods="0" coveredmethods="0"/>
        <line num="4" count="1" type="stmt"/>
      </file>
    </package>
    <package name="screens.Leaderboard">
      <metrics statements="51" coveredstatements="44" conditionals="27" coveredconditionals="17" methods="14" coveredmethods="11"/>
      <file name="Leaderboard.tsx" path="/Users/ankitraj/Projects/Matiks/frontend/src/screens/Leaderboard/Leaderboard.tsx">
        <metrics statements="50" coveredstatements="43" conditionals="27" coveredconditionals="17" methods="14" coveredmethods="11"/>
        <line num="19" count="1" type="stmt"/>
        <line num="21" count="1" type="stmt"/>
        <line num="22" count="7" type="stmt"/>
        <line num="23" count="7" type="stmt"/>
        <line num="24" count="7" type="stmt"/>
        <line num="25" count="7" type="stmt"/>
        <line num="26" count="7" type="stmt"/>
        <line num="27" count="7" type="stmt"/>
        <line num="30" count="7" type="cond" truecount="0" falsecount="1"/>
        <line num="31" count="4" type="stmt"/>
        <line num="32" count="4" type="cond" truecount="1" falsecount="1"/>
        <line num="33" count="4" type="cond" truecount="1" falsecount="1"/>
        <line num="34" count="4" type="stmt"/>
        <line num="36" count="0" type="stmt"/>
        <line num="39" count="4" type="stmt"/>
        <line num="41" count="4" type="cond" truecount="1" falsecount="1"/>
        <line num="42" count="4" type="stmt"/>
        <line num="44" count="2" type="cond" truecount="1" falsecount="1"/>
        <line num="45" count="2" type="stmt"/>
        <line num="48" count="2" type="cond" truecount="1" falsecount="1"/>
        <line num="49" count="2" type="stmt"/>
        <line num="51" count="0" type="stmt"/>
        <line num="54" count="1" type="stmt"/>
        <line num="56" count="3" type="stmt"/>
        <line num="57" count="3" type="stmt"/>
        <line num="58" count="3" type="stmt"/>
        <line num="63" count="7" type="stmt"/>
        <line num="64" count="0" type="stmt"/>
        <line num="65" count="0" type="stmt"/>
        <line num="69" count="7" type="stmt"/>
        <line num="70" count="2" type="cond" truecount="3" falsecount="3"/>
        <line num="71" count="0" type="stmt"/>
        <line num="77" count="7" type="stmt"/>
        <line num="79" count="3" type="stmt"/>
        <line num="82" count="3" type="stmt"/>
        <line num="83" count="0" type="stmt"/>
        <line num="86" count="3" type="stmt"/>
        <line num="90" count="8" type="stmt"/>
        <line num="91" count="8" type="stmt"/>
        <line num="93" count="7" type="cond" truecount="4" falsecount="0"/>
        <line num="94" count="4" type="stmt"/>
        <line num="106" count="3" type="cond" truecount="4" falsecount="0"/>
        <line num="107" count="1" type="stmt"/>
        <line num="115" count="1" type="stmt"/>
        <line num="123" count="2" type="stmt"/>
        <line num="124" count="2" type="cond" truecount="1" falsecount="1"/>
        <line num="125" count="0" type="stmt"/>
        <line num="133" count="2" type="stmt"/>
        <line num="144" count="24" type="stmt"/>
        <line num="146" count="2" type="stmt"/>
      </file>
      <file name="styles.ts" path="/Users/ankitraj/Projects/Matiks/frontend/src/screens/Leaderboard/styles.ts">
        <metrics statements="1" coveredstatements="1" conditionals="0" coveredconditionals="0" methods="0" coveredmethods="0"/>
        <line num="4" count="1" type="stmt"/>
      </file>
    </package>
    <package name="screens.Search">
      <metrics statements="22" coveredstatements="22" conditionals="16" coveredconditionals="15" methods="3" coveredmethods="3"/>
      <file name="Search.tsx" path="/Users/ankitraj/Projects/Matiks/frontend/src/screens/Search/Search.tsx">
        <metrics statements="21" coveredstatements="21" conditionals="16" coveredconditionals="15" methods="3" coveredmethods="3"/>
        <line num="18" count="1" type="stmt"/>
        <line num="19" count="14" type="stmt"/>
        <line num="20" count="14" type="stmt"/>
        <line num="21" count="14" type="stmt"/>
        <line num="22" count="14" type="stmt"/>
        <line num="25" count="14" type="stmt"/>
        <line num="26" count="4" type="cond" truecount="2" falsecount="0"/>
        <line num="27" count="1" type="stmt"/>
        <line num="28" count="1" type="stmt"/>
        <line num="31" count="3" type="stmt"/>
        <line num="32" count="3" type="stmt"/>
        <line num="33" count="3" type="stmt"/>
        <line num="34" count="3" type="stmt"/>
        <line num="36" count="3" type="stmt"/>
        <line num="37" count="1" type="stmt"/>
        <line num="39" count="1" type="stmt"/>
        <line num="40" count="1" type="stmt"/>
        <line num="42" count="2" type="stmt"/>
        <line num="46" count="14" type="stmt"/>
        <line num="61" count="3" type="stmt"/>
        <line num="62" count="3" type="stmt"/>
      </file>
      <file name="styles.ts" path="/Users/ankitraj/Projects/Matiks/frontend/src/screens/Search/styles.ts">
        <metrics statements="1" coveredstatements="1" conditionals="0" coveredconditionals="0" methods="0" coveredmethods="0"/>
        <line num="3" count="1" type="stmt"/>
      </file>
    </package>
    <package name="services">
      <metrics statements="31" coveredstatements="20" conditionals="21" coveredconditionals="9" methods="7" coveredmethods="5"/>
      <file name="api.ts" path="/Users/ankitraj/Projects/Matiks/frontend/src/services/api.ts">
        <metrics statements="31" coveredstatements="20" conditionals="21" coveredconditionals="9" methods="7" coveredmethods="5"/>
        <line num="32" count="1" type="stmt"/>
        <line num="33" count="1" type="cond" truecount="1" falsecount="1"/>
        <line num="34" count="0" type="stmt"/>
        <line num="36" count="1" type="stmt"/>
        <line num="39" count="1" type="stmt"/>
        <line num="41" count="1" type="stmt"/>
        <line num="50" count="1" type="stmt"/>
        <line num="51" count="0" type="stmt"/>
        <line num="53" count="0" type="cond" truecount="0" falsecount="3"/>
        <line num="54" count="0" type="stmt"/>
        <line num="57" count="0" type="cond" truecount="0" falsecount="2"/>
        <line num="58" count="0" type="cond" truecount="0" falsecount="2"/>
        <line num="61" count="0" type="cond" truecount="0" falsecount="2"/>
        <line num="62" count="0" type="stmt"/>
        <line num="65" count="0" type="cond" truecount="0" falsecount="2"/>
        <line num="66" count="0" type="stmt"/>
        <line num="69" count="0" type="stmt"/>
        <line num="76" count="1" type="cond" truecount="2" falsecount="0"/>
        <line num="77" count="2" type="stmt"/>
        <line num="78" count="2" type="cond" truecount="2" falsecount="0"/>
        <line num="84" count="1" type="stmt"/>
        <line num="85" count="2" type="cond" truecount="4" falsecount="0"/>
        <line num="86" count="1" type="stmt"/>
        <line num="89" count="1" type="stmt"/>
        <line num="90" count="1" type="stmt"/>
        <line num="96" count="1" type="stmt"/>
        <line num="97" count="1" type="stmt"/>
        <line num="98" count="1" type="stmt"/>
        <line num="104" count="1" type="stmt"/>
        <line num="105" count="1" type="stmt"/>
        <line num="109" count="1" type="stmt"/>
      </file>
    </package>
    <package name="styles">
      <metrics statements="4" coveredstatements="4" conditionals="0" coveredconditionals="0" methods="0" coveredmethods="0"/>
      <file name="colors.ts" path="/Users/ankitraj/Projects/Matiks/frontend/src/styles/colors.ts">
        <metrics statements="4" coveredstatements="4" conditionals="0" coveredconditionals="0" methods="0" coveredmethods="0"/>
        <line num="1" count="17" type="stmt"/>
        <line num="39" count="17" type="stmt"/>
        <line num="49" count="17" type="stmt"/>
        <line num="58" count="17" type="stmt"/>
      </file>
    </package>
  </project>
</coverage>
