{"/Users/ankitraj/Projects/Matiks/frontend/src/components/AdminHeader.tsx": {"path":"/Users/ankitraj/Projects/Matiks/frontend/src/components/AdminHeader.tsx","statementMap":{"0":{"start":{"line":10,"column":48},"end":{"line":20,"column":1}},"1":{"start":{"line":14,"column":4},"end":{"line":19,"column":6}},"2":{"start":{"line":22,"column":15},"end":{"line":36,"column":2}}},"fnMap":{"0":{"name":"(anonymous_0)","decl":{"start":{"line":10,"column":48},"end":{"line":10,"column":49}},"loc":{"start":{"line":13,"column":6},"end":{"line":20,"column":1}},"line":13}},"branchMap":{"0":{"loc":{"start":{"line":11,"column":4},"end":{"line":11,"column":25}},"type":"default-arg","locations":[{"start":{"line":11,"column":12},"end":{"line":11,"column":25}}],"line":11},"1":{"loc":{"start":{"line":12,"column":4},"end":{"line":12,"column":40}},"type":"default-arg","locations":[{"start":{"line":12,"column":15},"end":{"line":12,"column":40}}],"line":12}},"s":{"0":1,"1":2,"2":1},"f":{"0":2},"b":{"0":[1],"1":[1]},"_coverageSchema":"1a1c01bbd47fc00a2c39e90264f33305004495a9","hash":"52d1c7a7d583abcecb860037526dd97c51a8f4f4"}
,"/Users/ankitraj/Projects/Matiks/frontend/src/components/BulkUpdateCard.tsx": {"path":"/Users/ankitraj/Projects/Matiks/frontend/src/components/BulkUpdateCard.tsx","statementMap":{"0":{"start":{"line":14,"column":33},"end":{"line":57,"column":1}},"1":{"start":{"line":15,"column":42},"end":{"line":15,"column":57}},"2":{"start":{"line":17,"column":29},"end":{"line":30,"column":5}},"3":{"start":{"line":18,"column":8},"end":{"line":29,"column":9}},"4":{"start":{"line":19,"column":12},"end":{"line":19,"column":33}},"5":{"start":{"line":20,"column":29},"end":{"line":20,"column":49}},"6":{"start":{"line":21,"column":12},"end":{"line":24,"column":14}},"7":{"start":{"line":26,"column":12},"end":{"line":26,"column":46}},"8":{"start":{"line":28,"column":12},"end":{"line":28,"column":34}},"9":{"start":{"line":32,"column":4},"end":{"line":56,"column":6}},"10":{"start":{"line":59,"column":15},"end":{"line":97,"column":2}}},"fnMap":{"0":{"name":"(anonymous_0)","decl":{"start":{"line":14,"column":33},"end":{"line":14,"column":34}},"loc":{"start":{"line":14,"column":39},"end":{"line":57,"column":1}},"line":14},"1":{"name":"(anonymous_1)","decl":{"start":{"line":17,"column":29},"end":{"line":17,"column":30}},"loc":{"start":{"line":17,"column":41},"end":{"line":30,"column":5}},"line":17}},"branchMap":{"0":{"loc":{"start":{"line":40,"column":43},"end":{"line":40,"column":79}},"type":"binary-expr","locations":[{"start":{"line":40,"column":43},"end":{"line":40,"column":54}},{"start":{"line":40,"column":58},"end":{"line":40,"column":79}}],"line":40},"1":{"loc":{"start":{"line":44,"column":17},"end":{"line":53,"column":17}},"type":"cond-expr","locations":[{"start":{"line":45,"column":20},"end":{"line":45,"column":54}},{"start":{"line":47,"column":20},"end":{"line":52,"column":37}}],"line":44}},"s":{"0":1,"1":3,"2":3,"3":1,"4":1,"5":1,"6":1,"7":0,"8":1,"9":3,"10":1},"f":{"0":3,"1":1},"b":{"0":[3,0],"1":[0,3]},"_coverageSchema":"1a1c01bbd47fc00a2c39e90264f33305004495a9","hash":"5e1892d7dd115b21cdcaa28f20a8985f762836b0"}
,"/Users/ankitraj/Projects/Matiks/frontend/src/components/LeaderboardHeader.tsx": {"path":"/Users/ankitraj/Projects/Matiks/frontend/src/components/LeaderboardHeader.tsx","statementMap":{"0":{"start":{"line":6,"column":60},"end":{"line":12,"column":1}},"1":{"start":{"line":7,"column":4},"end":{"line":11,"column":6}},"2":{"start":{"line":14,"column":15},"end":{"line":24,"column":2}}},"fnMap":{"0":{"name":"(anonymous_0)","decl":{"start":{"line":6,"column":60},"end":{"line":6,"column":61}},"loc":{"start":{"line":6,"column":66},"end":{"line":12,"column":1}},"line":6}},"branchMap":{},"s":{"0":2,"1":3,"2":2},"f":{"0":3},"b":{},"_coverageSchema":"1a1c01bbd47fc00a2c39e90264f33305004495a9","hash":"f44a68d2f4a4aacf98e969e9a01c12193dad2e66"}
,"/Users/ankitraj/Projects/Matiks/frontend/src/components/LeaderboardPodium.tsx": {"path":"/Users/ankitraj/Projects/Matiks/frontend/src/components/LeaderboardPodium.tsx","statementMap":{"0":{"start":{"line":10,"column":60},"end":{"line":73,"column":1}},"1":{"start":{"line":12,"column":22},"end":{"line":16,"column":5}},"2":{"start":{"line":13,"column":27},"end":{"line":13,"column":39}},"3":{"start":{"line":14,"column":27},"end":{"line":14,"column":39}},"4":{"start":{"line":15,"column":27},"end":{"line":15,"column":39}},"5":{"start":{"line":18,"column":4},"end":{"line":72,"column":6}},"6":{"start":{"line":22,"column":36},"end":{"line":22,"column":52}},"7":{"start":{"line":23,"column":37},"end":{"line":23,"column":53}},"8":{"start":{"line":24,"column":36},"end":{"line":24,"column":52}},"9":{"start":{"line":26,"column":20},"end":{"line":68,"column":22}},"10":{"start":{"line":75,"column":15},"end":{"line":168,"column":2}}},"fnMap":{"0":{"name":"(anonymous_0)","decl":{"start":{"line":10,"column":60},"end":{"line":10,"column":61}},"loc":{"start":{"line":10,"column":78},"end":{"line":73,"column":1}},"line":10},"1":{"name":"(anonymous_1)","decl":{"start":{"line":13,"column":22},"end":{"line":13,"column":23}},"loc":{"start":{"line":13,"column":27},"end":{"line":13,"column":39}},"line":13},"2":{"name":"(anonymous_2)","decl":{"start":{"line":14,"column":22},"end":{"line":14,"column":23}},"loc":{"start":{"line":14,"column":27},"end":{"line":14,"column":39}},"line":14},"3":{"name":"(anonymous_3)","decl":{"start":{"line":15,"column":22},"end":{"line":15,"column":23}},"loc":{"start":{"line":15,"column":27},"end":{"line":15,"column":39}},"line":15},"4":{"name":"(anonymous_4)","decl":{"start":{"line":21,"column":31},"end":{"line":21,"column":32}},"loc":{"start":{"line":21,"column":48},"end":{"line":69,"column":17}},"line":21}},"branchMap":{"0":{"loc":{"start":{"line":27,"column":65},"end":{"line":27,"column":94}},"type":"binary-expr","locations":[{"start":{"line":27,"column":65},"end":{"line":27,"column":72}},{"start":{"line":27,"column":76},"end":{"line":27,"column":94}}],"line":27},"1":{"loc":{"start":{"line":28,"column":29},"end":{"line":49,"column":29}},"type":"binary-expr","locations":[{"start":{"line":28,"column":29},"end":{"line":28,"column":33}},{"start":{"line":29,"column":32},"end":{"line":48,"column":39}}],"line":28},"2":{"loc":{"start":{"line":32,"column":40},"end":{"line":32,"column":69}},"type":"binary-expr","locations":[{"start":{"line":32,"column":40},"end":{"line":32,"column":47}},{"start":{"line":32,"column":51},"end":{"line":32,"column":69}}],"line":32},"3":{"loc":{"start":{"line":33,"column":40},"end":{"line":33,"column":71}},"type":"binary-expr","locations":[{"start":{"line":33,"column":40},"end":{"line":33,"column":48}},{"start":{"line":33,"column":52},"end":{"line":33,"column":71}}],"line":33},"4":{"loc":{"start":{"line":34,"column":40},"end":{"line":34,"column":69}},"type":"binary-expr","locations":[{"start":{"line":34,"column":40},"end":{"line":34,"column":47}},{"start":{"line":34,"column":51},"end":{"line":34,"column":69}}],"line":34},"5":{"loc":{"start":{"line":53,"column":32},"end":{"line":53,"column":59}},"type":"binary-expr","locations":[{"start":{"line":53,"column":32},"end":{"line":53,"column":39}},{"start":{"line":53,"column":43},"end":{"line":53,"column":59}}],"line":53},"6":{"loc":{"start":{"line":54,"column":32},"end":{"line":54,"column":61}},"type":"binary-expr","locations":[{"start":{"line":54,"column":32},"end":{"line":54,"column":40}},{"start":{"line":54,"column":44},"end":{"line":54,"column":61}}],"line":54},"7":{"loc":{"start":{"line":55,"column":32},"end":{"line":55,"column":59}},"type":"binary-expr","locations":[{"start":{"line":55,"column":32},"end":{"line":55,"column":39}},{"start":{"line":55,"column":43},"end":{"line":55,"column":59}}],"line":55},"8":{"loc":{"start":{"line":56,"column":32},"end":{"line":56,"column":57}},"type":"binary-expr","locations":[{"start":{"line":56,"column":32},"end":{"line":56,"column":37}},{"start":{"line":56,"column":41},"end":{"line":56,"column":57}}],"line":56},"9":{"loc":{"start":{"line":60,"column":36},"end":{"line":60,"column":67}},"type":"binary-expr","locations":[{"start":{"line":60,"column":36},"end":{"line":60,"column":43}},{"start":{"line":60,"column":47},"end":{"line":60,"column":67}}],"line":60},"10":{"loc":{"start":{"line":61,"column":36},"end":{"line":61,"column":69}},"type":"binary-expr","locations":[{"start":{"line":61,"column":36},"end":{"line":61,"column":44}},{"start":{"line":61,"column":48},"end":{"line":61,"column":69}}],"line":61},"11":{"loc":{"start":{"line":62,"column":36},"end":{"line":62,"column":67}},"type":"binary-expr","locations":[{"start":{"line":62,"column":36},"end":{"line":62,"column":43}},{"start":{"line":62,"column":47},"end":{"line":62,"column":67}}],"line":62},"12":{"loc":{"start":{"line":64,"column":37},"end":{"line":64,"column":73}},"type":"cond-expr","locations":[{"start":{"line":64,"column":47},"end":{"line":64,"column":50}},{"start":{"line":64,"column":53},"end":{"line":64,"column":73}}],"line":64},"13":{"loc":{"start":{"line":64,"column":53},"end":{"line":64,"column":73}},"type":"cond-expr","locations":[{"start":{"line":64,"column":64},"end":{"line":64,"column":67}},{"start":{"line":64,"column":70},"end":{"line":64,"column":73}}],"line":64}},"s":{"0":2,"1":4,"2":7,"3":4,"4":10,"5":4,"6":12,"7":12,"8":12,"9":12,"10":2},"f":{"0":4,"1":7,"2":4,"3":10,"4":12},"b":{"0":[12,4],"1":[12,10],"2":[10,4],"3":[10,3],"4":[10,3],"5":[12,4],"6":[12,3],"7":[12,3],"8":[12,2],"9":[12,4],"10":[12,3],"11":[12,3],"12":[4,8],"13":[3,5]},"_coverageSchema":"1a1c01bbd47fc00a2c39e90264f33305004495a9","hash":"ecab6890df5940aa491c6393c8a9ed4b6ada8d07"}
,"/Users/ankitraj/Projects/Matiks/frontend/src/components/RankBadge.tsx": {"path":"/Users/ankitraj/Projects/Matiks/frontend/src/components/RankBadge.tsx","statementMap":{"0":{"start":{"line":12,"column":14},"end":{"line":16,"column":10}},"1":{"start":{"line":21,"column":44},"end":{"line":77,"column":1}},"2":{"start":{"line":22,"column":23},"end":{"line":22,"column":32}},"3":{"start":{"line":24,"column":30},"end":{"line":31,"column":5}},"4":{"start":{"line":25,"column":8},"end":{"line":30,"column":9}},"5":{"start":{"line":26,"column":20},"end":{"line":26,"column":59}},"6":{"start":{"line":27,"column":20},"end":{"line":27,"column":59}},"7":{"start":{"line":28,"column":20},"end":{"line":28,"column":59}},"8":{"start":{"line":29,"column":21},"end":{"line":29,"column":80}},"9":{"start":{"line":33,"column":32},"end":{"line":33,"column":65}},"10":{"start":{"line":35,"column":4},"end":{"line":55,"column":5}},"11":{"start":{"line":36,"column":8},"end":{"line":54,"column":10}},"12":{"start":{"line":57,"column":4},"end":{"line":76,"column":6}},"13":{"start":{"line":79,"column":15},"end":{"line":89,"column":2}}},"fnMap":{"0":{"name":"(anonymous_0)","decl":{"start":{"line":21,"column":44},"end":{"line":21,"column":45}},"loc":{"start":{"line":21,"column":75},"end":{"line":77,"column":1}},"line":21},"1":{"name":"(anonymous_1)","decl":{"start":{"line":24,"column":30},"end":{"line":24,"column":31}},"loc":{"start":{"line":24,"column":36},"end":{"line":31,"column":5}},"line":24}},"branchMap":{"0":{"loc":{"start":{"line":21,"column":53},"end":{"line":21,"column":68}},"type":"default-arg","locations":[{"start":{"line":21,"column":60},"end":{"line":21,"column":68}}],"line":21},"1":{"loc":{"start":{"line":25,"column":8},"end":{"line":30,"column":9}},"type":"switch","locations":[{"start":{"line":26,"column":12},"end":{"line":26,"column":59}},{"start":{"line":27,"column":12},"end":{"line":27,"column":59}},{"start":{"line":28,"column":12},"end":{"line":28,"column":59}},{"start":{"line":29,"column":12},"end":{"line":29,"column":80}}],"line":25},"2":{"loc":{"start":{"line":35,"column":4},"end":{"line":55,"column":5}},"type":"if","locations":[{"start":{"line":35,"column":4},"end":{"line":55,"column":5}},{"start":{},"end":{}}],"line":35}},"s":{"0":3,"1":3,"2":6,"3":6,"4":4,"5":4,"6":0,"7":0,"8":0,"9":6,"10":6,"11":4,"12":2,"13":3},"f":{"0":6,"1":4},"b":{"0":[2],"1":[4,0,0,0],"2":[4,2]},"_coverageSchema":"1a1c01bbd47fc00a2c39e90264f33305004495a9","hash":"5bc80dcd003a7f20a605643d34a1cebcca38217b"}
,"/Users/ankitraj/Projects/Matiks/frontend/src/components/SearchBar.tsx": {"path":"/Users/ankitraj/Projects/Matiks/frontend/src/components/SearchBar.tsx","statementMap":{"0":{"start":{"line":18,"column":44},"end":{"line":52,"column":1}},"1":{"start":{"line":25,"column":4},"end":{"line":51,"column":6}},"2":{"start":{"line":54,"column":15},"end":{"line":92,"column":2}}},"fnMap":{"0":{"name":"(anonymous_0)","decl":{"start":{"line":18,"column":44},"end":{"line":18,"column":45}},"loc":{"start":{"line":24,"column":6},"end":{"line":52,"column":1}},"line":24}},"branchMap":{"0":{"loc":{"start":{"line":22,"column":4},"end":{"line":22,"column":19}},"type":"default-arg","locations":[{"start":{"line":22,"column":14},"end":{"line":22,"column":19}}],"line":22},"1":{"loc":{"start":{"line":23,"column":4},"end":{"line":23,"column":49}},"type":"default-arg","locations":[{"start":{"line":23,"column":18},"end":{"line":23,"column":49}}],"line":23},"2":{"loc":{"start":{"line":42,"column":45},"end":{"line":42,"column":83}},"type":"binary-expr","locations":[{"start":{"line":42,"column":45},"end":{"line":42,"column":52}},{"start":{"line":42,"column":56},"end":{"line":42,"column":83}}],"line":42},"3":{"loc":{"start":{"line":47,"column":21},"end":{"line":47,"column":56}},"type":"cond-expr","locations":[{"start":{"line":47,"column":31},"end":{"line":47,"column":45}},{"start":{"line":47,"column":48},"end":{"line":47,"column":56}}],"line":47}},"s":{"0":2,"1":18,"2":2},"f":{"0":18},"b":{"0":[3],"1":[18],"2":[18,4],"3":[4,14]},"_coverageSchema":"1a1c01bbd47fc00a2c39e90264f33305004495a9","hash":"d8e9e52647214989f87f5171cf36f44969a218cb"}
,"/Users/ankitraj/Projects/Matiks/frontend/src/components/SearchEmptyState.tsx": {"path":"/Users/ankitraj/Projects/Matiks/frontend/src/components/SearchEmptyState.tsx","statementMap":{"0":{"start":{"line":10,"column":58},"end":{"line":22,"column":1}},"1":{"start":{"line":15,"column":4},"end":{"line":21,"column":6}},"2":{"start":{"line":24,"column":15},"end":{"line":48,"column":2}}},"fnMap":{"0":{"name":"(anonymous_0)","decl":{"start":{"line":10,"column":58},"end":{"line":10,"column":59}},"loc":{"start":{"line":14,"column":6},"end":{"line":22,"column":1}},"line":14}},"branchMap":{"0":{"loc":{"start":{"line":11,"column":4},"end":{"line":11,"column":15}},"type":"default-arg","locations":[{"start":{"line":11,"column":11},"end":{"line":11,"column":15}}],"line":11},"1":{"loc":{"start":{"line":12,"column":4},"end":{"line":12,"column":53}},"type":"default-arg","locations":[{"start":{"line":12,"column":14},"end":{"line":12,"column":53}}],"line":12},"2":{"loc":{"start":{"line":13,"column":4},"end":{"line":13,"column":54}},"type":"default-arg","locations":[{"start":{"line":13,"column":11},"end":{"line":13,"column":54}}],"line":13}},"s":{"0":2,"1":10,"2":2},"f":{"0":10},"b":{"0":[10],"1":[9],"2":[9]},"_coverageSchema":"1a1c01bbd47fc00a2c39e90264f33305004495a9","hash":"2b94433164864ae3b3e2662d58266cdb0e759144"}
,"/Users/ankitraj/Projects/Matiks/frontend/src/components/SearchError.tsx": {"path":"/Users/ankitraj/Projects/Matiks/frontend/src/components/SearchError.tsx","statementMap":{"0":{"start":{"line":8,"column":48},"end":{"line":14,"column":1}},"1":{"start":{"line":9,"column":4},"end":{"line":13,"column":6}},"2":{"start":{"line":16,"column":15},"end":{"line":30,"column":2}}},"fnMap":{"0":{"name":"(anonymous_0)","decl":{"start":{"line":8,"column":48},"end":{"line":8,"column":49}},"loc":{"start":{"line":8,"column":65},"end":{"line":14,"column":1}},"line":8}},"branchMap":{},"s":{"0":2,"1":3,"2":2},"f":{"0":3},"b":{},"_coverageSchema":"1a1c01bbd47fc00a2c39e90264f33305004495a9","hash":"8e8045f7a23faa3a21d436f97ed5c4406fec7f97"}
,"/Users/ankitraj/Projects/Matiks/frontend/src/components/SearchHeader.tsx": {"path":"/Users/ankitraj/Projects/Matiks/frontend/src/components/SearchHeader.tsx","statementMap":{"0":{"start":{"line":9,"column":50},"end":{"line":19,"column":1}},"1":{"start":{"line":13,"column":4},"end":{"line":18,"column":6}},"2":{"start":{"line":21,"column":15},"end":{"line":38,"column":2}}},"fnMap":{"0":{"name":"(anonymous_0)","decl":{"start":{"line":9,"column":50},"end":{"line":9,"column":51}},"loc":{"start":{"line":12,"column":6},"end":{"line":19,"column":1}},"line":12}},"branchMap":{"0":{"loc":{"start":{"line":10,"column":4},"end":{"line":10,"column":30}},"type":"default-arg","locations":[{"start":{"line":10,"column":12},"end":{"line":10,"column":30}}],"line":10},"1":{"loc":{"start":{"line":11,"column":4},"end":{"line":11,"column":39}},"type":"default-arg","locations":[{"start":{"line":11,"column":15},"end":{"line":11,"column":39}}],"line":11}},"s":{"0":2,"1":16,"2":2},"f":{"0":16},"b":{"0":[15],"1":[15]},"_coverageSchema":"1a1c01bbd47fc00a2c39e90264f33305004495a9","hash":"828fb8c03255c6eb1814489041f32d5a3f98986f"}
,"/Users/ankitraj/Projects/Matiks/frontend/src/components/SearchLoading.tsx": {"path":"/Users/ankitraj/Projects/Matiks/frontend/src/components/SearchLoading.tsx","statementMap":{"0":{"start":{"line":8,"column":52},"end":{"line":17,"column":1}},"1":{"start":{"line":11,"column":4},"end":{"line":16,"column":6}},"2":{"start":{"line":19,"column":15},"end":{"line":30,"column":2}}},"fnMap":{"0":{"name":"(anonymous_0)","decl":{"start":{"line":8,"column":52},"end":{"line":8,"column":53}},"loc":{"start":{"line":10,"column":6},"end":{"line":17,"column":1}},"line":10}},"branchMap":{"0":{"loc":{"start":{"line":9,"column":4},"end":{"line":9,"column":28}},"type":"default-arg","locations":[{"start":{"line":9,"column":14},"end":{"line":9,"column":28}}],"line":9}},"s":{"0":2,"1":5,"2":2},"f":{"0":5},"b":{"0":[4]},"_coverageSchema":"1a1c01bbd47fc00a2c39e90264f33305004495a9","hash":"ff75c7f1e286db40c339681c35c14f6edd89fa26"}
,"/Users/ankitraj/Projects/Matiks/frontend/src/components/SearchResult.tsx": {"path":"/Users/ankitraj/Projects/Matiks/frontend/src/components/SearchResult.tsx","statementMap":{"0":{"start":{"line":11,"column":50},"end":{"line":55,"column":1}},"1":{"start":{"line":12,"column":29},"end":{"line":17,"column":5}},"2":{"start":{"line":13,"column":8},"end":{"line":13,"column":62}},"3":{"start":{"line":13,"column":29},"end":{"line":13,"column":62}},"4":{"start":{"line":14,"column":8},"end":{"line":14,"column":56}},"5":{"start":{"line":14,"column":29},"end":{"line":14,"column":56}},"6":{"start":{"line":15,"column":8},"end":{"line":15,"column":58}},"7":{"start":{"line":15,"column":30},"end":{"line":15,"column":58}},"8":{"start":{"line":16,"column":8},"end":{"line":16,"column":35}},"9":{"start":{"line":19,"column":4},"end":{"line":54,"column":6}},"10":{"start":{"line":57,"column":15},"end":{"line":122,"column":2}}},"fnMap":{"0":{"name":"(anonymous_0)","decl":{"start":{"line":11,"column":50},"end":{"line":11,"column":51}},"loc":{"start":{"line":11,"column":64},"end":{"line":55,"column":1}},"line":11},"1":{"name":"(anonymous_1)","decl":{"start":{"line":12,"column":29},"end":{"line":12,"column":30}},"loc":{"start":{"line":12,"column":35},"end":{"line":17,"column":5}},"line":12}},"branchMap":{"0":{"loc":{"start":{"line":13,"column":8},"end":{"line":13,"column":62}},"type":"if","locations":[{"start":{"line":13,"column":8},"end":{"line":13,"column":62}},{"start":{},"end":{}}],"line":13},"1":{"loc":{"start":{"line":14,"column":8},"end":{"line":14,"column":56}},"type":"if","locations":[{"start":{"line":14,"column":8},"end":{"line":14,"column":56}},{"start":{},"end":{}}],"line":14},"2":{"loc":{"start":{"line":15,"column":8},"end":{"line":15,"column":58}},"type":"if","locations":[{"start":{"line":15,"column":8},"end":{"line":15,"column":58}},{"start":{},"end":{}}],"line":15}},"s":{"0":2,"1":3,"2":3,"3":3,"4":0,"5":0,"6":0,"7":0,"8":0,"9":3,"10":2},"f":{"0":3,"1":3},"b":{"0":[3,0],"1":[0,0],"2":[0,0]},"_coverageSchema":"1a1c01bbd47fc00a2c39e90264f33305004495a9","hash":"f00f6bc4a75ee450f453fddb14dfe98b17468e85"}
,"/Users/ankitraj/Projects/Matiks/frontend/src/components/SingleUpdateCard.tsx": {"path":"/Users/ankitraj/Projects/Matiks/frontend/src/components/SingleUpdateCard.tsx","statementMap":{"0":{"start":{"line":14,"column":35},"end":{"line":91,"column":1}},"1":{"start":{"line":15,"column":36},"end":{"line":15,"column":48}},"2":{"start":{"line":16,"column":32},"end":{"line":16,"column":44}},"3":{"start":{"line":17,"column":34},"end":{"line":17,"column":49}},"4":{"start":{"line":19,"column":29},"end":{"line":45,"column":5}},"5":{"start":{"line":20,"column":8},"end":{"line":23,"column":9}},"6":{"start":{"line":21,"column":12},"end":{"line":21,"column":60}},"7":{"start":{"line":22,"column":12},"end":{"line":22,"column":19}},"8":{"start":{"line":25,"column":26},"end":{"line":25,"column":42}},"9":{"start":{"line":26,"column":8},"end":{"line":29,"column":9}},"10":{"start":{"line":27,"column":12},"end":{"line":27,"column":72}},"11":{"start":{"line":28,"column":12},"end":{"line":28,"column":19}},"12":{"start":{"line":31,"column":8},"end":{"line":44,"column":9}},"13":{"start":{"line":32,"column":12},"end":{"line":32,"column":29}},"14":{"start":{"line":33,"column":29},"end":{"line":33,"column":78}},"15":{"start":{"line":34,"column":12},"end":{"line":37,"column":14}},"16":{"start":{"line":38,"column":12},"end":{"line":38,"column":28}},"17":{"start":{"line":39,"column":12},"end":{"line":39,"column":26}},"18":{"start":{"line":41,"column":12},"end":{"line":41,"column":46}},"19":{"start":{"line":43,"column":12},"end":{"line":43,"column":30}},"20":{"start":{"line":47,"column":4},"end":{"line":90,"column":6}},"21":{"start":{"line":93,"column":15},"end":{"line":147,"column":2}}},"fnMap":{"0":{"name":"(anonymous_0)","decl":{"start":{"line":14,"column":35},"end":{"line":14,"column":36}},"loc":{"start":{"line":14,"column":41},"end":{"line":91,"column":1}},"line":14},"1":{"name":"(anonymous_1)","decl":{"start":{"line":19,"column":29},"end":{"line":19,"column":30}},"loc":{"start":{"line":19,"column":41},"end":{"line":45,"column":5}},"line":19}},"branchMap":{"0":{"loc":{"start":{"line":20,"column":8},"end":{"line":23,"column":9}},"type":"if","locations":[{"start":{"line":20,"column":8},"end":{"line":23,"column":9}},{"start":{},"end":{}}],"line":20},"1":{"loc":{"start":{"line":26,"column":8},"end":{"line":29,"column":9}},"type":"if","locations":[{"start":{"line":26,"column":8},"end":{"line":29,"column":9}},{"start":{},"end":{}}],"line":26},"2":{"loc":{"start":{"line":26,"column":12},"end":{"line":26,"column":67}},"type":"binary-expr","locations":[{"start":{"line":26,"column":12},"end":{"line":26,"column":28}},{"start":{"line":26,"column":32},"end":{"line":26,"column":47}},{"start":{"line":26,"column":51},"end":{"line":26,"column":67}}],"line":26},"3":{"loc":{"start":{"line":79,"column":39},"end":{"line":79,"column":71}},"type":"binary-expr","locations":[{"start":{"line":79,"column":39},"end":{"line":79,"column":46}},{"start":{"line":79,"column":50},"end":{"line":79,"column":71}}],"line":79},"4":{"loc":{"start":{"line":83,"column":17},"end":{"line":87,"column":17}},"type":"cond-expr","locations":[{"start":{"line":84,"column":20},"end":{"line":84,"column":54}},{"start":{"line":86,"column":20},"end":{"line":86,"column":79}}],"line":83}},"s":{"0":1,"1":6,"2":6,"3":6,"4":6,"5":2,"6":1,"7":1,"8":1,"9":1,"10":0,"11":0,"12":1,"13":1,"14":1,"15":1,"16":1,"17":1,"18":0,"19":1,"20":6,"21":1},"f":{"0":6,"1":2},"b":{"0":[1,1],"1":[0,1],"2":[1,1,1],"3":[6,0],"4":[0,6]},"_coverageSchema":"1a1c01bbd47fc00a2c39e90264f33305004495a9","hash":"2bea269a3dea5a5b85a2be0a806515584cc4d2be"}
,"/Users/ankitraj/Projects/Matiks/frontend/src/components/UserCard.tsx": {"path":"/Users/ankitraj/Projects/Matiks/frontend/src/components/UserCard.tsx","statementMap":{"0":{"start":{"line":10,"column":42},"end":{"line":23,"column":1}},"1":{"start":{"line":11,"column":4},"end":{"line":22,"column":6}},"2":{"start":{"line":25,"column":15},"end":{"line":70,"column":2}}},"fnMap":{"0":{"name":"(anonymous_0)","decl":{"start":{"line":10,"column":42},"end":{"line":10,"column":43}},"loc":{"start":{"line":10,"column":74},"end":{"line":23,"column":1}},"line":10}},"branchMap":{},"s":{"0":1,"1":1,"2":1},"f":{"0":1},"b":{},"_coverageSchema":"1a1c01bbd47fc00a2c39e90264f33305004495a9","hash":"67b6f7590cf8d20317c06815a0a0eee7f5d3c539"}
,"/Users/ankitraj/Projects/Matiks/frontend/src/navigation/AppNavigator.tsx": {"path":"/Users/ankitraj/Projects/Matiks/frontend/src/navigation/AppNavigator.tsx","statementMap":{"0":{"start":{"line":4,"column":31},"end":{"line":6,"column":1}},"1":{"start":{"line":5,"column":4},"end":{"line":5,"column":34}}},"fnMap":{"0":{"name":"(anonymous_0)","decl":{"start":{"line":4,"column":31},"end":{"line":4,"column":32}},"loc":{"start":{"line":4,"column":37},"end":{"line":6,"column":1}},"line":4}},"branchMap":{},"s":{"0":1,"1":1},"f":{"0":1},"b":{},"_coverageSchema":"1a1c01bbd47fc00a2c39e90264f33305004495a9","hash":"3e83422672d9ae3566d2859764fef41d06d8bf18"}
,"/Users/ankitraj/Projects/Matiks/frontend/src/navigation/BottomTabNavigator.tsx": {"path":"/Users/ankitraj/Projects/Matiks/frontend/src/navigation/BottomTabNavigator.tsx","statementMap":{"0":{"start":{"line":16,"column":12},"end":{"line":16,"column":56}},"1":{"start":{"line":18,"column":37},"end":{"line":72,"column":1}},"2":{"start":{"line":19,"column":19},"end":{"line":19,"column":38}},"3":{"start":{"line":21,"column":4},"end":{"line":71,"column":6}},"4":{"start":{"line":48,"column":24},"end":{"line":48,"column":85}},"5":{"start":{"line":57,"column":24},"end":{"line":57,"column":85}},"6":{"start":{"line":66,"column":24},"end":{"line":66,"column":86}}},"fnMap":{"0":{"name":"(anonymous_0)","decl":{"start":{"line":18,"column":37},"end":{"line":18,"column":38}},"loc":{"start":{"line":18,"column":43},"end":{"line":72,"column":1}},"line":18},"1":{"name":"(anonymous_1)","decl":{"start":{"line":47,"column":32},"end":{"line":47,"column":33}},"loc":{"start":{"line":48,"column":24},"end":{"line":48,"column":85}},"line":48},"2":{"name":"(anonymous_2)","decl":{"start":{"line":56,"column":32},"end":{"line":56,"column":33}},"loc":{"start":{"line":57,"column":24},"end":{"line":57,"column":85}},"line":57},"3":{"name":"(anonymous_3)","decl":{"start":{"line":65,"column":32},"end":{"line":65,"column":33}},"loc":{"start":{"line":66,"column":24},"end":{"line":66,"column":86}},"line":66}},"branchMap":{"0":{"loc":{"start":{"line":32,"column":35},"end":{"line":32,"column":76}},"type":"cond-expr","locations":[{"start":{"line":32,"column":55},"end":{"line":32,"column":72}},{"start":{"line":32,"column":75},"end":{"line":32,"column":76}}],"line":32},"1":{"loc":{"start":{"line":33,"column":34},"end":{"line":33,"column":76}},"type":"cond-expr","locations":[{"start":{"line":33,"column":54},"end":{"line":33,"column":72}},{"start":{"line":33,"column":75},"end":{"line":33,"column":76}}],"line":33},"2":{"loc":{"start":{"line":48,"column":56},"end":{"line":48,"column":77}},"type":"cond-expr","locations":[{"start":{"line":48,"column":66},"end":{"line":48,"column":70}},{"start":{"line":48,"column":73},"end":{"line":48,"column":77}}],"line":48},"3":{"loc":{"start":{"line":57,"column":56},"end":{"line":57,"column":77}},"type":"cond-expr","locations":[{"start":{"line":57,"column":66},"end":{"line":57,"column":70}},{"start":{"line":57,"column":73},"end":{"line":57,"column":77}}],"line":57},"4":{"loc":{"start":{"line":66,"column":56},"end":{"line":66,"column":78}},"type":"cond-expr","locations":[{"start":{"line":66,"column":66},"end":{"line":66,"column":71}},{"start":{"line":66,"column":74},"end":{"line":66,"column":78}}],"line":66}},"s":{"0":1,"1":1,"2":2,"3":2,"4":4,"5":4,"6":4},"f":{"0":2,"1":4,"2":4,"3":4},"b":{"0":[0,2],"1":[0,2],"2":[2,2],"3":[2,2],"4":[2,2]},"_coverageSchema":"1a1c01bbd47fc00a2c39e90264f33305004495a9","hash":"13b89b09bf64b5b25577fea9517fc351e2c11188"}
,"/Users/ankitraj/Projects/Matiks/frontend/src/screens/Admin/Admin.tsx": {"path":"/Users/ankitraj/Projects/Matiks/frontend/src/screens/Admin/Admin.tsx","statementMap":{"0":{"start":{"line":15,"column":30},"end":{"line":39,"column":1}},"1":{"start":{"line":16,"column":4},"end":{"line":38,"column":6}}},"fnMap":{"0":{"name":"(anonymous_0)","decl":{"start":{"line":15,"column":30},"end":{"line":15,"column":31}},"loc":{"start":{"line":15,"column":36},"end":{"line":39,"column":1}},"line":15}},"branchMap":{"0":{"loc":{"start":{"line":23,"column":30},"end":{"line":23,"column":74}},"type":"cond-expr","locations":[{"start":{"line":23,"column":54},"end":{"line":23,"column":63}},{"start":{"line":23,"column":66},"end":{"line":23,"column":74}}],"line":23}},"s":{"0":1,"1":1},"f":{"0":1},"b":{"0":[1,0]},"_coverageSchema":"1a1c01bbd47fc00a2c39e90264f33305004495a9","hash":"42df718f5cf44f19f10709ac0fc0721b4da17723"}
,"/Users/ankitraj/Projects/Matiks/frontend/src/screens/Admin/styles.ts": {"path":"/Users/ankitraj/Projects/Matiks/frontend/src/screens/Admin/styles.ts","statementMap":{"0":{"start":{"line":4,"column":27},"end":{"line":20,"column":2}}},"fnMap":{},"branchMap":{},"s":{"0":1},"f":{},"b":{},"_coverageSchema":"1a1c01bbd47fc00a2c39e90264f33305004495a9","hash":"98d06f9813bc58b7faf41c96a089847d6160ec6b"}
,"/Users/ankitraj/Projects/Matiks/frontend/src/screens/Leaderboard/Leaderboard.tsx": {"path":"/Users/ankitraj/Projects/Matiks/frontend/src/screens/Leaderboard/Leaderboard.tsx","statementMap":{"0":{"start":{"line":19,"column":18},"end":{"line":19,"column":20}},"1":{"start":{"line":21,"column":36},"end":{"line":169,"column":1}},"2":{"start":{"line":22,"column":30},"end":{"line":22,"column":58}},"3":{"start":{"line":23,"column":34},"end":{"line":23,"column":57}},"4":{"start":{"line":24,"column":40},"end":{"line":24,"column":64}},"5":{"start":{"line":25,"column":42},"end":{"line":25,"column":66}},"6":{"start":{"line":26,"column":34},"end":{"line":26,"column":57}},"7":{"start":{"line":27,"column":30},"end":{"line":27,"column":59}},"8":{"start":{"line":30,"column":29},"end":{"line":60,"column":5}},"9":{"start":{"line":31,"column":8},"end":{"line":59,"column":9}},"10":{"start":{"line":32,"column":12},"end":{"line":37,"column":13}},"11":{"start":{"line":33,"column":16},"end":{"line":33,"column":57}},"12":{"start":{"line":33,"column":40},"end":{"line":33,"column":57}},"13":{"start":{"line":34,"column":16},"end":{"line":34,"column":33}},"14":{"start":{"line":36,"column":16},"end":{"line":36,"column":37}},"15":{"start":{"line":39,"column":12},"end":{"line":39,"column":27}},"16":{"start":{"line":41,"column":34},"end":{"line":41,"column":62}},"17":{"start":{"line":42,"column":25},"end":{"line":42,"column":71}},"18":{"start":{"line":44,"column":12},"end":{"line":46,"column":13}},"19":{"start":{"line":45,"column":16},"end":{"line":45,"column":34}},"20":{"start":{"line":48,"column":12},"end":{"line":52,"column":13}},"21":{"start":{"line":49,"column":16},"end":{"line":49,"column":31}},"22":{"start":{"line":51,"column":16},"end":{"line":51,"column":53}},"23":{"start":{"line":51,"column":33},"end":{"line":51,"column":51}},"24":{"start":{"line":54,"column":12},"end":{"line":54,"column":34}},"25":{"start":{"line":56,"column":12},"end":{"line":56,"column":30}},"26":{"start":{"line":57,"column":12},"end":{"line":57,"column":33}},"27":{"start":{"line":58,"column":12},"end":{"line":58,"column":34}},"28":{"start":{"line":63,"column":22},"end":{"line":66,"column":5}},"29":{"start":{"line":64,"column":8},"end":{"line":64,"column":28}},"30":{"start":{"line":65,"column":8},"end":{"line":65,"column":31}},"31":{"start":{"line":69,"column":27},"end":{"line":73,"column":5}},"32":{"start":{"line":70,"column":8},"end":{"line":72,"column":9}},"33":{"start":{"line":71,"column":12},"end":{"line":71,"column":36}},"34":{"start":{"line":77,"column":4},"end":{"line":88,"column":6}},"35":{"start":{"line":79,"column":12},"end":{"line":79,"column":35}},"36":{"start":{"line":82,"column":29},"end":{"line":84,"column":20}},"37":{"start":{"line":83,"column":16},"end":{"line":83,"column":39}},"38":{"start":{"line":86,"column":12},"end":{"line":86,"column":49}},"39":{"start":{"line":86,"column":25},"end":{"line":86,"column":48}},"40":{"start":{"line":90,"column":21},"end":{"line":90,"column":51}},"41":{"start":{"line":90,"column":39},"end":{"line":90,"column":50}},"42":{"start":{"line":91,"column":27},"end":{"line":91,"column":56}},"43":{"start":{"line":91,"column":45},"end":{"line":91,"column":55}},"44":{"start":{"line":93,"column":4},"end":{"line":103,"column":5}},"45":{"start":{"line":94,"column":8},"end":{"line":102,"column":10}},"46":{"start":{"line":106,"column":4},"end":{"line":121,"column":5}},"47":{"start":{"line":107,"column":8},"end":{"line":120,"column":10}},"48":{"start":{"line":115,"column":35},"end":{"line":115,"column":57}},"49":{"start":{"line":123,"column":25},"end":{"line":131,"column":5}},"50":{"start":{"line":124,"column":8},"end":{"line":124,"column":38}},"51":{"start":{"line":124,"column":26},"end":{"line":124,"column":38}},"52":{"start":{"line":125,"column":8},"end":{"line":130,"column":10}},"53":{"start":{"line":133,"column":4},"end":{"line":168,"column":6}},"54":{"start":{"line":144,"column":44},"end":{"line":144,"column":75}},"55":{"start":{"line":146,"column":24},"end":{"line":150,"column":26}}},"fnMap":{"0":{"name":"(anonymous_0)","decl":{"start":{"line":21,"column":36},"end":{"line":21,"column":37}},"loc":{"start":{"line":21,"column":42},"end":{"line":169,"column":1}},"line":21},"1":{"name":"(anonymous_1)","decl":{"start":{"line":30,"column":29},"end":{"line":30,"column":30}},"loc":{"start":{"line":30,"column":57},"end":{"line":60,"column":5}},"line":30},"2":{"name":"(anonymous_2)","decl":{"start":{"line":51,"column":25},"end":{"line":51,"column":26}},"loc":{"start":{"line":51,"column":33},"end":{"line":51,"column":51}},"line":51},"3":{"name":"(anonymous_3)","decl":{"start":{"line":63,"column":22},"end":{"line":63,"column":23}},"loc":{"start":{"line":63,"column":28},"end":{"line":66,"column":5}},"line":63},"4":{"name":"(anonymous_4)","decl":{"start":{"line":69,"column":27},"end":{"line":69,"column":28}},"loc":{"start":{"line":69,"column":33},"end":{"line":73,"column":5}},"line":69},"5":{"name":"(anonymous_5)","decl":{"start":{"line":78,"column":20},"end":{"line":78,"column":21}},"loc":{"start":{"line":78,"column":26},"end":{"line":87,"column":9}},"line":78},"6":{"name":"(anonymous_6)","decl":{"start":{"line":82,"column":41},"end":{"line":82,"column":42}},"loc":{"start":{"line":82,"column":47},"end":{"line":84,"column":13}},"line":82},"7":{"name":"(anonymous_7)","decl":{"start":{"line":86,"column":19},"end":{"line":86,"column":20}},"loc":{"start":{"line":86,"column":25},"end":{"line":86,"column":48}},"line":86},"8":{"name":"(anonymous_8)","decl":{"start":{"line":90,"column":34},"end":{"line":90,"column":35}},"loc":{"start":{"line":90,"column":39},"end":{"line":90,"column":50}},"line":90},"9":{"name":"(anonymous_9)","decl":{"start":{"line":91,"column":40},"end":{"line":91,"column":41}},"loc":{"start":{"line":91,"column":45},"end":{"line":91,"column":55}},"line":91},"10":{"name":"(anonymous_10)","decl":{"start":{"line":115,"column":29},"end":{"line":115,"column":30}},"loc":{"start":{"line":115,"column":35},"end":{"line":115,"column":57}},"line":115},"11":{"name":"(anonymous_11)","decl":{"start":{"line":123,"column":25},"end":{"line":123,"column":26}},"loc":{"start":{"line":123,"column":31},"end":{"line":131,"column":5}},"line":123},"12":{"name":"(anonymous_12)","decl":{"start":{"line":144,"column":34},"end":{"line":144,"column":35}},"loc":{"start":{"line":144,"column":44},"end":{"line":144,"column":75}},"line":144},"13":{"name":"(anonymous_13)","decl":{"start":{"line":145,"column":32},"end":{"line":145,"column":33}},"loc":{"start":{"line":146,"column":24},"end":{"line":150,"column":26}},"line":146}},"branchMap":{"0":{"loc":{"start":{"line":30,"column":36},"end":{"line":30,"column":52}},"type":"default-arg","locations":[{"start":{"line":30,"column":48},"end":{"line":30,"column":52}}],"line":30},"1":{"loc":{"start":{"line":32,"column":12},"end":{"line":37,"column":13}},"type":"if","locations":[{"start":{"line":32,"column":12},"end":{"line":37,"column":13}},{"start":{"line":35,"column":19},"end":{"line":37,"column":13}}],"line":32},"2":{"loc":{"start":{"line":33,"column":16},"end":{"line":33,"column":57}},"type":"if","locations":[{"start":{"line":33,"column":16},"end":{"line":33,"column":57}},{"start":{},"end":{}}],"line":33},"3":{"loc":{"start":{"line":41,"column":34},"end":{"line":41,"column":62}},"type":"cond-expr","locations":[{"start":{"line":41,"column":46},"end":{"line":41,"column":47}},{"start":{"line":41,"column":50},"end":{"line":41,"column":62}}],"line":41},"4":{"loc":{"start":{"line":44,"column":12},"end":{"line":46,"column":13}},"type":"if","locations":[{"start":{"line":44,"column":12},"end":{"line":46,"column":13}},{"start":{},"end":{}}],"line":44},"5":{"loc":{"start":{"line":48,"column":12},"end":{"line":52,"column":13}},"type":"if","locations":[{"start":{"line":48,"column":12},"end":{"line":52,"column":13}},{"start":{"line":50,"column":19},"end":{"line":52,"column":13}}],"line":48},"6":{"loc":{"start":{"line":70,"column":8},"end":{"line":72,"column":9}},"type":"if","locations":[{"start":{"line":70,"column":8},"end":{"line":72,"column":9}},{"start":{},"end":{}}],"line":70},"7":{"loc":{"start":{"line":70,"column":12},"end":{"line":70,"column":62}},"type":"binary-expr","locations":[{"start":{"line":70,"column":12},"end":{"line":70,"column":24}},{"start":{"line":70,"column":28},"end":{"line":70,"column":35}},{"start":{"line":70,"column":39},"end":{"line":70,"column":47}},{"start":{"line":70,"column":51},"end":{"line":70,"column":62}}],"line":70},"8":{"loc":{"start":{"line":93,"column":4},"end":{"line":103,"column":5}},"type":"if","locations":[{"start":{"line":93,"column":4},"end":{"line":103,"column":5}},{"start":{},"end":{}}],"line":93},"9":{"loc":{"start":{"line":93,"column":8},"end":{"line":93,"column":37}},"type":"binary-expr","locations":[{"start":{"line":93,"column":8},"end":{"line":93,"column":15}},{"start":{"line":93,"column":19},"end":{"line":93,"column":37}}],"line":93},"10":{"loc":{"start":{"line":106,"column":4},"end":{"line":121,"column":5}},"type":"if","locations":[{"start":{"line":106,"column":4},"end":{"line":121,"column":5}},{"start":{},"end":{}}],"line":106},"11":{"loc":{"start":{"line":106,"column":8},"end":{"line":106,"column":35}},"type":"binary-expr","locations":[{"start":{"line":106,"column":8},"end":{"line":106,"column":13}},{"start":{"line":106,"column":17},"end":{"line":106,"column":35}}],"line":106},"12":{"loc":{"start":{"line":124,"column":8},"end":{"line":124,"column":38}},"type":"if","locations":[{"start":{"line":124,"column":8},"end":{"line":124,"column":38}},{"start":{},"end":{}}],"line":124}},"s":{"0":1,"1":1,"2":7,"3":7,"4":7,"5":7,"6":7,"7":7,"8":7,"9":4,"10":4,"11":4,"12":4,"13":4,"14":0,"15":4,"16":4,"17":4,"18":2,"19":2,"20":2,"21":2,"22":0,"23":0,"24":1,"25":3,"26":3,"27":3,"28":7,"29":0,"30":0,"31":7,"32":2,"33":0,"34":7,"35":3,"36":3,"37":0,"38":3,"39":3,"40":7,"41":8,"42":7,"43":8,"44":7,"45":4,"46":3,"47":1,"48":1,"49":2,"50":2,"51":2,"52":0,"53":2,"54":24,"55":2},"f":{"0":7,"1":4,"2":0,"3":0,"4":2,"5":3,"6":0,"7":3,"8":8,"9":8,"10":1,"11":2,"12":24,"13":2},"b":{"0":[0],"1":[4,0],"2":[4,0],"3":[4,0],"4":[2,0],"5":[2,0],"6":[0,2],"7":[2,2,0,0],"8":[4,3],"9":[7,4],"10":[1,2],"11":[3,1],"12":[2,0]},"_coverageSchema":"1a1c01bbd47fc00a2c39e90264f33305004495a9","hash":"1c1409a2a889a1a96fab1ba4c8f48b45e604e4eb"}
,"/Users/ankitraj/Projects/Matiks/frontend/src/screens/Leaderboard/styles.ts": {"path":"/Users/ankitraj/Projects/Matiks/frontend/src/screens/Leaderboard/styles.ts","statementMap":{"0":{"start":{"line":4,"column":15},"end":{"line":36,"column":2}}},"fnMap":{},"branchMap":{},"s":{"0":1},"f":{},"b":{},"_coverageSchema":"1a1c01bbd47fc00a2c39e90264f33305004495a9","hash":"067bf0635a8d4b2cc6ea56c691f4ef015d2f9f78"}
,"/Users/ankitraj/Projects/Matiks/frontend/src/screens/Search/Search.tsx": {"path":"/Users/ankitraj/Projects/Matiks/frontend/src/screens/Search/Search.tsx","statementMap":{"0":{"start":{"line":18,"column":31},"end":{"line":88,"column":1}},"1":{"start":{"line":19,"column":36},"end":{"line":19,"column":56}},"2":{"start":{"line":20,"column":28},"end":{"line":20,"column":63}},"3":{"start":{"line":21,"column":34},"end":{"line":21,"column":58}},"4":{"start":{"line":22,"column":30},"end":{"line":22,"column":59}},"5":{"start":{"line":25,"column":25},"end":{"line":44,"column":5}},"6":{"start":{"line":26,"column":8},"end":{"line":29,"column":9}},"7":{"start":{"line":27,"column":12},"end":{"line":27,"column":48}},"8":{"start":{"line":28,"column":12},"end":{"line":28,"column":19}},"9":{"start":{"line":31,"column":8},"end":{"line":43,"column":9}},"10":{"start":{"line":32,"column":12},"end":{"line":32,"column":29}},"11":{"start":{"line":33,"column":12},"end":{"line":33,"column":27}},"12":{"start":{"line":34,"column":12},"end":{"line":34,"column":26}},"13":{"start":{"line":36,"column":29},"end":{"line":36,"column":62}},"14":{"start":{"line":37,"column":12},"end":{"line":37,"column":30}},"15":{"start":{"line":39,"column":12},"end":{"line":39,"column":34}},"16":{"start":{"line":40,"column":12},"end":{"line":40,"column":26}},"17":{"start":{"line":42,"column":12},"end":{"line":42,"column":30}},"18":{"start":{"line":46,"column":4},"end":{"line":87,"column":6}},"19":{"start":{"line":61,"column":28},"end":{"line":61,"column":46}},"20":{"start":{"line":62,"column":28},"end":{"line":62,"column":43}}},"fnMap":{"0":{"name":"(anonymous_0)","decl":{"start":{"line":18,"column":31},"end":{"line":18,"column":32}},"loc":{"start":{"line":18,"column":37},"end":{"line":88,"column":1}},"line":18},"1":{"name":"(anonymous_1)","decl":{"start":{"line":25,"column":25},"end":{"line":25,"column":26}},"loc":{"start":{"line":25,"column":37},"end":{"line":44,"column":5}},"line":25},"2":{"name":"(anonymous_2)","decl":{"start":{"line":60,"column":38},"end":{"line":60,"column":39}},"loc":{"start":{"line":60,"column":48},"end":{"line":63,"column":25}},"line":60}},"branchMap":{"0":{"loc":{"start":{"line":26,"column":8},"end":{"line":29,"column":9}},"type":"if","locations":[{"start":{"line":26,"column":8},"end":{"line":29,"column":9}},{"start":{},"end":{}}],"line":26},"1":{"loc":{"start":{"line":53,"column":30},"end":{"line":53,"column":74}},"type":"cond-expr","locations":[{"start":{"line":53,"column":54},"end":{"line":53,"column":63}},{"start":{"line":53,"column":66},"end":{"line":53,"column":74}}],"line":53},"2":{"loc":{"start":{"line":68,"column":21},"end":{"line":69,"column":41}},"type":"binary-expr","locations":[{"start":{"line":68,"column":21},"end":{"line":68,"column":28}},{"start":{"line":69,"column":24},"end":{"line":69,"column":41}}],"line":68},"3":{"loc":{"start":{"line":72,"column":21},"end":{"line":73,"column":55}},"type":"binary-expr","locations":[{"start":{"line":72,"column":21},"end":{"line":72,"column":26}},{"start":{"line":72,"column":30},"end":{"line":72,"column":38}},{"start":{"line":73,"column":24},"end":{"line":73,"column":55}}],"line":72},"4":{"loc":{"start":{"line":77,"column":21},"end":{"line":79,"column":21}},"type":"binary-expr","locations":[{"start":{"line":77,"column":21},"end":{"line":77,"column":25}},{"start":{"line":77,"column":29},"end":{"line":77,"column":37}},{"start":{"line":78,"column":24},"end":{"line":78,"column":52}}],"line":77},"5":{"loc":{"start":{"line":81,"column":21},"end":{"line":83,"column":21}},"type":"binary-expr","locations":[{"start":{"line":81,"column":21},"end":{"line":81,"column":26}},{"start":{"line":81,"column":30},"end":{"line":81,"column":38}},{"start":{"line":81,"column":42},"end":{"line":81,"column":48}},{"start":{"line":82,"column":24},"end":{"line":82,"column":44}}],"line":81}},"s":{"0":1,"1":14,"2":14,"3":14,"4":14,"5":14,"6":4,"7":1,"8":1,"9":3,"10":3,"11":3,"12":3,"13":3,"14":1,"15":1,"16":1,"17":2,"18":14,"19":3,"20":3},"f":{"0":14,"1":4,"2":3},"b":{"0":[1,3],"1":[14,0],"2":[14,3],"3":[14,2,2],"4":[14,1,1],"5":[14,13,10,8]},"_coverageSchema":"1a1c01bbd47fc00a2c39e90264f33305004495a9","hash":"fbb650ca79b87ab11ea8fb1ef235b2c876fc70d3"}
,"/Users/ankitraj/Projects/Matiks/frontend/src/screens/Search/styles.ts": {"path":"/Users/ankitraj/Projects/Matiks/frontend/src/screens/Search/styles.ts","statementMap":{"0":{"start":{"line":3,"column":15},"end":{"line":10,"column":2}}},"fnMap":{},"branchMap":{},"s":{"0":1},"f":{},"b":{},"_coverageSchema":"1a1c01bbd47fc00a2c39e90264f33305004495a9","hash":"92901dec07dc63a47b0efc395ea2734190973b41"}
,"/Users/ankitraj/Projects/Matiks/frontend/src/services/api.ts": {"path":"/Users/ankitraj/Projects/Matiks/frontend/src/services/api.ts","statementMap":{"0":{"start":{"line":32,"column":19},"end":{"line":37,"column":1}},"1":{"start":{"line":33,"column":4},"end":{"line":35,"column":5}},"2":{"start":{"line":34,"column":8},"end":{"line":34,"column":38}},"3":{"start":{"line":36,"column":4},"end":{"line":36,"column":35}},"4":{"start":{"line":39,"column":21},"end":{"line":39,"column":33}},"5":{"start":{"line":41,"column":18},"end":{"line":47,"column":2}},"6":{"start":{"line":50,"column":0},"end":{"line":71,"column":2}},"7":{"start":{"line":51,"column":18},"end":{"line":51,"column":26}},"8":{"start":{"line":53,"column":24},"end":{"line":53,"column":104}},"9":{"start":{"line":54,"column":23},"end":{"line":54,"column":45}},"10":{"start":{"line":57,"column":8},"end":{"line":59,"column":9}},"11":{"start":{"line":58,"column":12},"end":{"line":58,"column":78}},"12":{"start":{"line":61,"column":8},"end":{"line":63,"column":9}},"13":{"start":{"line":62,"column":12},"end":{"line":62,"column":85}},"14":{"start":{"line":65,"column":8},"end":{"line":67,"column":9}},"15":{"start":{"line":66,"column":12},"end":{"line":66,"column":93}},"16":{"start":{"line":69,"column":8},"end":{"line":69,"column":50}},"17":{"start":{"line":76,"column":30},"end":{"line":79,"column":1}},"18":{"start":{"line":77,"column":21},"end":{"line":77,"column":109}},"19":{"start":{"line":78,"column":4},"end":{"line":78,"column":37}},"20":{"start":{"line":84,"column":33},"end":{"line":91,"column":1}},"21":{"start":{"line":85,"column":4},"end":{"line":87,"column":5}},"22":{"start":{"line":86,"column":8},"end":{"line":86,"column":52}},"23":{"start":{"line":89,"column":21},"end":{"line":89,"column":82}},"24":{"start":{"line":90,"column":4},"end":{"line":90,"column":25}},"25":{"start":{"line":96,"column":28},"end":{"line":99,"column":1}},"26":{"start":{"line":97,"column":21},"end":{"line":97,"column":79}},"27":{"start":{"line":98,"column":4},"end":{"line":98,"column":25}},"28":{"start":{"line":104,"column":31},"end":{"line":110,"column":1}},"29":{"start":{"line":105,"column":21},"end":{"line":108,"column":6}},"30":{"start":{"line":109,"column":4},"end":{"line":109,"column":25}}},"fnMap":{"0":{"name":"(anonymous_0)","decl":{"start":{"line":32,"column":19},"end":{"line":32,"column":20}},"loc":{"start":{"line":32,"column":33},"end":{"line":37,"column":1}},"line":32},"1":{"name":"(anonymous_1)","decl":{"start":{"line":51,"column":4},"end":{"line":51,"column":5}},"loc":{"start":{"line":51,"column":18},"end":{"line":51,"column":26}},"line":51},"2":{"name":"(anonymous_2)","decl":{"start":{"line":52,"column":4},"end":{"line":52,"column":5}},"loc":{"start":{"line":52,"column":15},"end":{"line":70,"column":5}},"line":52},"3":{"name":"(anonymous_3)","decl":{"start":{"line":76,"column":30},"end":{"line":76,"column":31}},"loc":{"start":{"line":76,"column":105},"end":{"line":79,"column":1}},"line":76},"4":{"name":"(anonymous_4)","decl":{"start":{"line":84,"column":33},"end":{"line":84,"column":34}},"loc":{"start":{"line":84,"column":84},"end":{"line":91,"column":1}},"line":84},"5":{"name":"(anonymous_5)","decl":{"start":{"line":96,"column":28},"end":{"line":96,"column":29}},"loc":{"start":{"line":96,"column":70},"end":{"line":99,"column":1}},"line":96},"6":{"name":"(anonymous_6)","decl":{"start":{"line":104,"column":31},"end":{"line":104,"column":32}},"loc":{"start":{"line":104,"column":109},"end":{"line":110,"column":1}},"line":104}},"branchMap":{"0":{"loc":{"start":{"line":33,"column":4},"end":{"line":35,"column":5}},"type":"if","locations":[{"start":{"line":33,"column":4},"end":{"line":35,"column":5}},{"start":{},"end":{}}],"line":33},"1":{"loc":{"start":{"line":53,"column":24},"end":{"line":53,"column":104}},"type":"binary-expr","locations":[{"start":{"line":53,"column":24},"end":{"line":53,"column":53}},{"start":{"line":53,"column":57},"end":{"line":53,"column":70}},{"start":{"line":53,"column":74},"end":{"line":53,"column":104}}],"line":53},"2":{"loc":{"start":{"line":57,"column":8},"end":{"line":59,"column":9}},"type":"if","locations":[{"start":{"line":57,"column":8},"end":{"line":59,"column":9}},{"start":{},"end":{}}],"line":57},"3":{"loc":{"start":{"line":58,"column":44},"end":{"line":58,"column":75}},"type":"binary-expr","locations":[{"start":{"line":58,"column":44},"end":{"line":58,"column":51}},{"start":{"line":58,"column":55},"end":{"line":58,"column":75}}],"line":58},"4":{"loc":{"start":{"line":61,"column":8},"end":{"line":63,"column":9}},"type":"if","locations":[{"start":{"line":61,"column":8},"end":{"line":63,"column":9}},{"start":{},"end":{}}],"line":61},"5":{"loc":{"start":{"line":65,"column":8},"end":{"line":67,"column":9}},"type":"if","locations":[{"start":{"line":65,"column":8},"end":{"line":67,"column":9}},{"start":{},"end":{}}],"line":65},"6":{"loc":{"start":{"line":76,"column":37},"end":{"line":76,"column":55}},"type":"default-arg","locations":[{"start":{"line":76,"column":53},"end":{"line":76,"column":55}}],"line":76},"7":{"loc":{"start":{"line":76,"column":57},"end":{"line":76,"column":75}},"type":"default-arg","locations":[{"start":{"line":76,"column":74},"end":{"line":76,"column":75}}],"line":76},"8":{"loc":{"start":{"line":78,"column":11},"end":{"line":78,"column":36}},"type":"binary-expr","locations":[{"start":{"line":78,"column":11},"end":{"line":78,"column":30}},{"start":{"line":78,"column":34},"end":{"line":78,"column":36}}],"line":78},"9":{"loc":{"start":{"line":85,"column":4},"end":{"line":87,"column":5}},"type":"if","locations":[{"start":{"line":85,"column":4},"end":{"line":87,"column":5}},{"start":{},"end":{}}],"line":85},"10":{"loc":{"start":{"line":85,"column":8},"end":{"line":85,"column":43}},"type":"binary-expr","locations":[{"start":{"line":85,"column":8},"end":{"line":85,"column":17}},{"start":{"line":85,"column":21},"end":{"line":85,"column":43}}],"line":85}},"s":{"0":1,"1":1,"2":0,"3":1,"4":1,"5":1,"6":1,"7":0,"8":0,"9":0,"10":0,"11":0,"12":0,"13":0,"14":0,"15":0,"16":0,"17":1,"18":2,"19":2,"20":1,"21":2,"22":1,"23":1,"24":1,"25":1,"26":1,"27":1,"28":1,"29":1,"30":1},"f":{"0":1,"1":0,"2":0,"3":2,"4":2,"5":1,"6":1},"b":{"0":[0,1],"1":[0,0,0],"2":[0,0],"3":[0,0],"4":[0,0],"5":[0,0],"6":[1],"7":[1],"8":[2,1],"9":[1,1],"10":[2,1]},"_coverageSchema":"1a1c01bbd47fc00a2c39e90264f33305004495a9","hash":"9240a97995e7066449713934adc9d650db3d0d9a"}
,"/Users/ankitraj/Projects/Matiks/frontend/src/styles/colors.ts": {"path":"/Users/ankitraj/Projects/Matiks/frontend/src/styles/colors.ts","statementMap":{"0":{"start":{"line":1,"column":22},"end":{"line":36,"column":10}},"1":{"start":{"line":39,"column":23},"end":{"line":46,"column":10}},"2":{"start":{"line":49,"column":28},"end":{"line":55,"column":10}},"3":{"start":{"line":58,"column":23},"end":{"line":80,"column":10}}},"fnMap":{},"branchMap":{},"s":{"0":17,"1":17,"2":17,"3":17},"f":{},"b":{},"_coverageSchema":"1a1c01bbd47fc00a2c39e90264f33305004495a9","hash":"2ce294627f2986bdfeffc0d50ecf30e7f029063c"}
}
