TN:
SF:src/components/AdminHeader.tsx
FN:10,(anonymous_0)
FNF:1
FNH:1
FNDA:2,(anonymous_0)
DA:10,1
DA:14,2
DA:22,1
LF:3
LH:3
BRDA:11,0,0,1
BRDA:12,1,0,1
BRF:2
BRH:2
end_of_record
TN:
SF:src/components/BulkUpdateCard.tsx
FN:14,(anonymous_0)
FN:17,(anonymous_1)
FNF:2
FNH:2
FNDA:3,(anonymous_0)
FNDA:1,(anonymous_1)
DA:14,1
DA:15,3
DA:17,3
DA:18,1
DA:19,1
DA:20,1
DA:21,1
DA:26,0
DA:28,1
DA:32,3
DA:59,1
LF:11
LH:10
BRDA:40,0,0,3
BRDA:40,0,1,0
BRDA:44,1,0,0
BRDA:44,1,1,3
BRF:4
BRH:2
end_of_record
TN:
SF:src/components/LeaderboardHeader.tsx
FN:6,(anonymous_0)
FNF:1
FNH:1
FNDA:3,(anonymous_0)
DA:6,2
DA:7,3
DA:14,2
LF:3
LH:3
BRF:0
BRH:0
end_of_record
TN:
SF:src/components/LeaderboardPodium.tsx
FN:10,(anonymous_0)
FN:13,(anonymous_1)
FN:14,(anonymous_2)
FN:15,(anonymous_3)
FN:21,(anonymous_4)
FNF:5
FNH:5
FNDA:4,(anonymous_0)
FNDA:7,(anonymous_1)
FNDA:4,(anonymous_2)
FNDA:10,(anonymous_3)
FNDA:12,(anonymous_4)
DA:10,2
DA:12,4
DA:13,7
DA:14,4
DA:15,10
DA:18,4
DA:22,12
DA:23,12
DA:24,12
DA:26,12
DA:75,2
LF:11
LH:11
BRDA:27,0,0,12
BRDA:27,0,1,4
BRDA:28,1,0,12
BRDA:28,1,1,10
BRDA:32,2,0,10
BRDA:32,2,1,4
BRDA:33,3,0,10
BRDA:33,3,1,3
BRDA:34,4,0,10
BRDA:34,4,1,3
BRDA:53,5,0,12
BRDA:53,5,1,4
BRDA:54,6,0,12
BRDA:54,6,1,3
BRDA:55,7,0,12
BRDA:55,7,1,3
BRDA:56,8,0,12
BRDA:56,8,1,2
BRDA:60,9,0,12
BRDA:60,9,1,4
BRDA:61,10,0,12
BRDA:61,10,1,3
BRDA:62,11,0,12
BRDA:62,11,1,3
BRDA:64,12,0,4
BRDA:64,12,1,8
BRDA:64,13,0,3
BRDA:64,13,1,5
BRF:28
BRH:28
end_of_record
TN:
SF:src/components/RankBadge.tsx
FN:21,(anonymous_0)
FN:24,(anonymous_1)
FNF:2
FNH:2
FNDA:6,(anonymous_0)
FNDA:4,(anonymous_1)
DA:12,3
DA:21,3
DA:22,6
DA:24,6
DA:25,4
DA:26,4
DA:27,0
DA:28,0
DA:29,0
DA:33,6
DA:35,6
DA:36,4
DA:57,2
DA:79,3
LF:14
LH:11
BRDA:21,0,0,2
BRDA:25,1,0,4
BRDA:25,1,1,0
BRDA:25,1,2,0
BRDA:25,1,3,0
BRDA:35,2,0,4
BRDA:35,2,1,2
BRF:7
BRH:4
end_of_record
TN:
SF:src/components/SearchBar.tsx
FN:18,(anonymous_0)
FNF:1
FNH:1
FNDA:18,(anonymous_0)
DA:18,2
DA:25,18
DA:54,2
LF:3
LH:3
BRDA:22,0,0,3
BRDA:23,1,0,18
BRDA:42,2,0,18
BRDA:42,2,1,4
BRDA:47,3,0,4
BRDA:47,3,1,14
BRF:6
BRH:6
end_of_record
TN:
SF:src/components/SearchEmptyState.tsx
FN:10,(anonymous_0)
FNF:1
FNH:1
FNDA:10,(anonymous_0)
DA:10,2
DA:15,10
DA:24,2
LF:3
LH:3
BRDA:11,0,0,10
BRDA:12,1,0,9
BRDA:13,2,0,9
BRF:3
BRH:3
end_of_record
TN:
SF:src/components/SearchError.tsx
FN:8,(anonymous_0)
FNF:1
FNH:1
FNDA:3,(anonymous_0)
DA:8,2
DA:9,3
DA:16,2
LF:3
LH:3
BRF:0
BRH:0
end_of_record
TN:
SF:src/components/SearchHeader.tsx
FN:9,(anonymous_0)
FNF:1
FNH:1
FNDA:16,(anonymous_0)
DA:9,2
DA:13,16
DA:21,2
LF:3
LH:3
BRDA:10,0,0,15
BRDA:11,1,0,15
BRF:2
BRH:2
end_of_record
TN:
SF:src/components/SearchLoading.tsx
FN:8,(anonymous_0)
FNF:1
FNH:1
FNDA:5,(anonymous_0)
DA:8,2
DA:11,5
DA:19,2
LF:3
LH:3
BRDA:9,0,0,4
BRF:1
BRH:1
end_of_record
TN:
SF:src/components/SearchResult.tsx
FN:11,(anonymous_0)
FN:12,(anonymous_1)
FNF:2
FNH:2
FNDA:3,(anonymous_0)
FNDA:3,(anonymous_1)
DA:11,2
DA:12,3
DA:13,3
DA:14,0
DA:15,0
DA:16,0
DA:19,3
DA:57,2
LF:8
LH:5
BRDA:13,0,0,3
BRDA:13,0,1,0
BRDA:14,1,0,0
BRDA:14,1,1,0
BRDA:15,2,0,0
BRDA:15,2,1,0
BRF:6
BRH:1
end_of_record
TN:
SF:src/components/SingleUpdateCard.tsx
FN:14,(anonymous_0)
FN:19,(anonymous_1)
FNF:2
FNH:2
FNDA:6,(anonymous_0)
FNDA:2,(anonymous_1)
DA:14,1
DA:15,6
DA:16,6
DA:17,6
DA:19,6
DA:20,2
DA:21,1
DA:22,1
DA:25,1
DA:26,1
DA:27,0
DA:28,0
DA:31,1
DA:32,1
DA:33,1
DA:34,1
DA:38,1
DA:39,1
DA:41,0
DA:43,1
DA:47,6
DA:93,1
LF:22
LH:19
BRDA:20,0,0,1
BRDA:20,0,1,1
BRDA:26,1,0,0
BRDA:26,1,1,1
BRDA:26,2,0,1
BRDA:26,2,1,1
BRDA:26,2,2,1
BRDA:79,3,0,6
BRDA:79,3,1,0
BRDA:83,4,0,0
BRDA:83,4,1,6
BRF:11
BRH:8
end_of_record
TN:
SF:src/components/UserCard.tsx
FN:10,(anonymous_0)
FNF:1
FNH:1
FNDA:1,(anonymous_0)
DA:10,1
DA:11,1
DA:25,1
LF:3
LH:3
BRF:0
BRH:0
end_of_record
TN:
SF:src/navigation/AppNavigator.tsx
FN:4,(anonymous_0)
FNF:1
FNH:1
FNDA:1,(anonymous_0)
DA:4,1
DA:5,1
LF:2
LH:2
BRF:0
BRH:0
end_of_record
TN:
SF:src/navigation/BottomTabNavigator.tsx
FN:18,(anonymous_0)
FN:47,(anonymous_1)
FN:56,(anonymous_2)
FN:65,(anonymous_3)
FNF:4
FNH:4
FNDA:2,(anonymous_0)
FNDA:4,(anonymous_1)
FNDA:4,(anonymous_2)
FNDA:4,(anonymous_3)
DA:16,1
DA:18,1
DA:19,2
DA:21,2
DA:48,4
DA:57,4
DA:66,4
LF:7
LH:7
BRDA:32,0,0,0
BRDA:32,0,1,2
BRDA:33,1,0,0
BRDA:33,1,1,2
BRDA:48,2,0,2
BRDA:48,2,1,2
BRDA:57,3,0,2
BRDA:57,3,1,2
BRDA:66,4,0,2
BRDA:66,4,1,2
BRF:10
BRH:8
end_of_record
TN:
SF:src/screens/Admin/Admin.tsx
FN:15,(anonymous_0)
FNF:1
FNH:1
FNDA:1,(anonymous_0)
DA:15,1
DA:16,1
LF:2
LH:2
BRDA:23,0,0,1
BRDA:23,0,1,0
BRF:2
BRH:1
end_of_record
TN:
SF:src/screens/Admin/styles.ts
FNF:0
FNH:0
DA:4,1
LF:1
LH:1
BRF:0
BRH:0
end_of_record
TN:
SF:src/screens/Leaderboard/Leaderboard.tsx
FN:21,(anonymous_0)
FN:30,(anonymous_1)
FN:51,(anonymous_2)
FN:63,(anonymous_3)
FN:69,(anonymous_4)
FN:78,(anonymous_5)
FN:82,(anonymous_6)
FN:86,(anonymous_7)
FN:90,(anonymous_8)
FN:91,(anonymous_9)
FN:115,(anonymous_10)
FN:123,(anonymous_11)
FN:144,(anonymous_12)
FN:145,(anonymous_13)
FNF:14
FNH:11
FNDA:7,(anonymous_0)
FNDA:4,(anonymous_1)
FNDA:0,(anonymous_2)
FNDA:0,(anonymous_3)
FNDA:2,(anonymous_4)
FNDA:3,(anonymous_5)
FNDA:0,(anonymous_6)
FNDA:3,(anonymous_7)
FNDA:8,(anonymous_8)
FNDA:8,(anonymous_9)
FNDA:1,(anonymous_10)
FNDA:2,(anonymous_11)
FNDA:24,(anonymous_12)
FNDA:2,(anonymous_13)
DA:19,1
DA:21,1
DA:22,7
DA:23,7
DA:24,7
DA:25,7
DA:26,7
DA:27,7
DA:30,7
DA:31,4
DA:32,4
DA:33,4
DA:34,4
DA:36,0
DA:39,4
DA:41,4
DA:42,4
DA:44,2
DA:45,2
DA:48,2
DA:49,2
DA:51,0
DA:54,1
DA:56,3
DA:57,3
DA:58,3
DA:63,7
DA:64,0
DA:65,0
DA:69,7
DA:70,2
DA:71,0
DA:77,7
DA:79,3
DA:82,3
DA:83,0
DA:86,3
DA:90,8
DA:91,8
DA:93,7
DA:94,4
DA:106,3
DA:107,1
DA:115,1
DA:123,2
DA:124,2
DA:125,0
DA:133,2
DA:144,24
DA:146,2
LF:50
LH:43
BRDA:30,0,0,0
BRDA:32,1,0,4
BRDA:32,1,1,0
BRDA:33,2,0,4
BRDA:33,2,1,0
BRDA:41,3,0,4
BRDA:41,3,1,0
BRDA:44,4,0,2
BRDA:44,4,1,0
BRDA:48,5,0,2
BRDA:48,5,1,0
BRDA:70,6,0,0
BRDA:70,6,1,2
BRDA:70,7,0,2
BRDA:70,7,1,2
BRDA:70,7,2,0
BRDA:70,7,3,0
BRDA:93,8,0,4
BRDA:93,8,1,3
BRDA:93,9,0,7
BRDA:93,9,1,4
BRDA:106,10,0,1
BRDA:106,10,1,2
BRDA:106,11,0,3
BRDA:106,11,1,1
BRDA:124,12,0,2
BRDA:124,12,1,0
BRF:27
BRH:17
end_of_record
TN:
SF:src/screens/Leaderboard/styles.ts
FNF:0
FNH:0
DA:4,1
LF:1
LH:1
BRF:0
BRH:0
end_of_record
TN:
SF:src/screens/Search/Search.tsx
FN:18,(anonymous_0)
FN:25,(anonymous_1)
FN:60,(anonymous_2)
FNF:3
FNH:3
FNDA:14,(anonymous_0)
FNDA:4,(anonymous_1)
FNDA:3,(anonymous_2)
DA:18,1
DA:19,14
DA:20,14
DA:21,14
DA:22,14
DA:25,14
DA:26,4
DA:27,1
DA:28,1
DA:31,3
DA:32,3
DA:33,3
DA:34,3
DA:36,3
DA:37,1
DA:39,1
DA:40,1
DA:42,2
DA:46,14
DA:61,3
DA:62,3
LF:21
LH:21
BRDA:26,0,0,1
BRDA:26,0,1,3
BRDA:53,1,0,14
BRDA:53,1,1,0
BRDA:68,2,0,14
BRDA:68,2,1,3
BRDA:72,3,0,14
BRDA:72,3,1,2
BRDA:72,3,2,2
BRDA:77,4,0,14
BRDA:77,4,1,1
BRDA:77,4,2,1
BRDA:81,5,0,14
BRDA:81,5,1,13
BRDA:81,5,2,10
BRDA:81,5,3,8
BRF:16
BRH:15
end_of_record
TN:
SF:src/screens/Search/styles.ts
FNF:0
FNH:0
DA:3,1
LF:1
LH:1
BRF:0
BRH:0
end_of_record
TN:
SF:src/services/api.ts
FN:32,(anonymous_0)
FN:51,(anonymous_1)
FN:52,(anonymous_2)
FN:76,(anonymous_3)
FN:84,(anonymous_4)
FN:96,(anonymous_5)
FN:104,(anonymous_6)
FNF:7
FNH:5
FNDA:1,(anonymous_0)
FNDA:0,(anonymous_1)
FNDA:0,(anonymous_2)
FNDA:2,(anonymous_3)
FNDA:2,(anonymous_4)
FNDA:1,(anonymous_5)
FNDA:1,(anonymous_6)
DA:32,1
DA:33,1
DA:34,0
DA:36,1
DA:39,1
DA:41,1
DA:50,1
DA:51,0
DA:53,0
DA:54,0
DA:57,0
DA:58,0
DA:61,0
DA:62,0
DA:65,0
DA:66,0
DA:69,0
DA:76,1
DA:77,2
DA:78,2
DA:84,1
DA:85,2
DA:86,1
DA:89,1
DA:90,1
DA:96,1
DA:97,1
DA:98,1
DA:104,1
DA:105,1
DA:109,1
LF:31
LH:20
BRDA:33,0,0,0
BRDA:33,0,1,1
BRDA:53,1,0,0
BRDA:53,1,1,0
BRDA:53,1,2,0
BRDA:57,2,0,0
BRDA:57,2,1,0
BRDA:58,3,0,0
BRDA:58,3,1,0
BRDA:61,4,0,0
BRDA:61,4,1,0
BRDA:65,5,0,0
BRDA:65,5,1,0
BRDA:76,6,0,1
BRDA:76,7,0,1
BRDA:78,8,0,2
BRDA:78,8,1,1
BRDA:85,9,0,1
BRDA:85,9,1,1
BRDA:85,10,0,2
BRDA:85,10,1,1
BRF:21
BRH:9
end_of_record
TN:
SF:src/styles/colors.ts
FNF:0
FNH:0
DA:1,17
DA:39,17
DA:49,17
DA:58,17
LF:4
LH:4
BRF:0
BRH:0
end_of_record
